<?xml version="1.0" encoding="UTF-8"?>
<!-- Generated by org.testng.reporters.JUnitReportReporter -->
<testsuite skipped="0" hostname="DESKTOP-DVVCUFJ" name="mm.k.K2" tests="3" failures="0" timestamp="02 Mar 2019 06:05:12 GMT" time="0.021" errors="0">
  <testcase name="colorsWhite" time="0.002" classname="mm.k.K2"/>
  <testcase name="colorsBlack" time="0.013" classname="mm.k.K2"/>
  <testcase name="colorsBlue" time="0.006" classname="mm.k.K2"/>
</testsuite> <!-- mm.k.K2 -->
