<?xml version="1.0" encoding="UTF-8"?>
<!-- Generated by org.testng.reporters.JUnitReportReporter -->
<testsuite skipped="0" hostname="DESKTOP-DVVCUFJ" name="com.testngDemo.ParallelDemo3" tests="3" failures="0" timestamp="06 Mar 2019 02:46:17 GMT" time="57.829" errors="0">
  <testcase name="test3" time="19.638" classname="com.testngDemo.ParallelDemo3"/>
  <testcase name="test2" time="27.780" classname="com.testngDemo.ParallelDemo3"/>
  <testcase name="test1" time="10.411" classname="com.testngDemo.ParallelDemo3"/>
</testsuite> <!-- com.testngDemo.ParallelDemo3 -->
