<?xml version="1.0" encoding="UTF-8"?>
<!-- Generated by org.testng.reporters.JUnitReportReporter -->
<testsuite skipped="1" hostname="DESKTOP-DVVCUFJ" name="mm.k.K1" tests="5" failures="0" timestamp="02 Mar 2019 05:05:25 GMT" time="0.012" errors="0">
  <testcase name="colorsWhite" time="0.002" classname="mm.k.K1"/>
  <testcase name="colorsYellow" time="0.004" classname="mm.k.K1"/>
  <testcase name="colorsBlue" time="0.002" classname="mm.k.K1"/>
  <testcase name="colorsBlack" time="0.004" classname="mm.k.K1"/>
  <testcase name="colorsGreen" classname="mm.k.K1">
    <skipped/>
  </testcase> <!-- colorsGreen -->
</testsuite> <!-- mm.k.K1 -->
