<?xml version="1.0" encoding="UTF-8"?>
<!-- Generated by org.testng.reporters.JUnitReportReporter -->
<testsuite skipped="0" hostname="DESKTOP-DVVCUFJ" name="com.Dataprovider.demo.TestDp1_Demo" tests="5" failures="0" timestamp="07 Mar 2019 03:15:52 GMT" time="0.108" errors="0">
  <testcase name="test" time="0.015" classname="com.Dataprovider.demo.TestDp1_Demo"/>
  <testcase name="test" time="0.031" classname="com.Dataprovider.demo.TestDp1_Demo"/>
  <testcase name="test" time="0.000" classname="com.Dataprovider.demo.TestDp1_Demo"/>
  <testcase name="test" time="0.000" classname="com.Dataprovider.demo.TestDp1_Demo"/>
  <testcase name="test" time="0.062" classname="com.Dataprovider.demo.TestDp1_Demo"/>
</testsuite> <!-- com.Dataprovider.demo.TestDp1_Demo -->
