<?xml version="1.0" encoding="UTF-8"?>
<!-- Generated by org.testng.reporters.JUnitReportReporter -->
<testsuite skipped="0" hostname="DESKTOP-DVVCUFJ" name="com.Dataprovider.demo.TestDp" tests="5" failures="0" timestamp="07 Mar 2019 02:46:09 GMT" time="39.949" errors="0">
  <testcase name="test" time="10.027" classname="com.Dataprovider.demo.TestDp"/>
  <testcase name="test" time="6.449" classname="com.Dataprovider.demo.TestDp"/>
  <testcase name="test" time="6.650" classname="com.Dataprovider.demo.TestDp"/>
  <testcase name="test" time="7.691" classname="com.Dataprovider.demo.TestDp"/>
  <testcase name="test" time="9.132" classname="com.Dataprovider.demo.TestDp"/>
</testsuite> <!-- com.Dataprovider.demo.TestDp -->
