<?xml version="1.0" encoding="UTF-8"?>
<!-- Generated by org.testng.reporters.JUnitReportReporter -->
<testsuite skipped="0" hostname="DESKTOP-DVVCUFJ" name="com.testngDemo.ParallelDemo2" tests="3" failures="0" timestamp="06 Mar 2019 02:46:17 GMT" time="26.506" errors="0">
  <testcase name="test2" time="6.353" classname="com.testngDemo.ParallelDemo2"/>
  <testcase name="test1" time="12.396" classname="com.testngDemo.ParallelDemo2"/>
  <testcase name="test3" time="7.757" classname="com.testngDemo.ParallelDemo2"/>
</testsuite> <!-- com.testngDemo.ParallelDemo2 -->
