<?xml version="1.0" encoding="UTF-8"?>
<!-- Generated by org.testng.reporters.JUnitReportReporter -->
<testsuite skipped="0" hostname="DESKTOP-DVVCUFJ" name="com.testngDemo.ParallelDemo" tests="3" failures="0" timestamp="06 Mar 2019 02:27:19 GMT" time="64.069" errors="0">
  <testcase name="test2" time="15.449" classname="com.testngDemo.ParallelDemo"/>
  <testcase name="test3" time="23.612" classname="com.testngDemo.ParallelDemo"/>
  <testcase name="test1" time="25.008" classname="com.testngDemo.ParallelDemo"/>
</testsuite> <!-- com.testngDemo.ParallelDemo -->
