<?xml version="1.0" encoding="UTF-8"?>
<!-- Generated by org.testng.reporters.JUnitReportReporter -->
<testsuite skipped="0" hostname="DESKTOP-DVVCUFJ" name="mm.k.Ki" tests="4" failures="0" timestamp="02 Mar 2019 04:40:35 GMT" time="0.030" errors="0">
  <testcase name="bicycleGreen" time="0.004" classname="mm.k.Ki"/>
  <testcase name="bicyclePink" time="0.019" classname="mm.k.Ki"/>
  <testcase name="bicycleRed" time="0.005" classname="mm.k.Ki"/>
  <testcase name="bicycleBlue" time="0.002" classname="mm.k.Ki"/>
</testsuite> <!-- mm.k.Ki -->
