<?xml version="1.0" encoding="UTF-8"?>
<!-- Generated by org.testng.reporters.JUnitReportReporter -->
<testsuite skipped="0" hostname="DESKTOP-DVVCUFJ" name="com.test.pages.FB_TestPage" tests="1" failures="0" timestamp="13 Mar 2019 03:30:33 GMT" time="5.189" errors="0">
  <testcase name="test" time="5.189" classname="com.test.pages.FB_TestPage"/>
</testsuite> <!-- com.test.pages.FB_TestPage -->
